[2025-10-24T01:02:00.297+0000] {manager.py:470} INFO - Processing files using up to 1 processes at a time 
[2025-10-24T01:02:00.299+0000] {manager.py:471} INFO - Process each file at most once every 30 seconds
[2025-10-24T01:02:00.300+0000] {manager.py:472} INFO - Checking for new files in /opt/airflow/dags every 300 seconds
[2025-10-24T01:02:00.302+0000] {manager.py:737} INFO - Searching for files in /opt/airflow/dags
[2025-10-24T01:02:00.329+0000] {manager.py:740} INFO - There are 1 files in /opt/airflow/dags
[2025-10-24T01:02:00.598+0000] {manager.py:878} INFO - 
================================================================================
DAG File Processing Stats

File Path                     PID    Runtime      # DAGs    # Errors  Last Runtime    Last Run
----------------------------  -----  ---------  --------  ----------  --------------  -------------------
/opt/airflow/dags/etl_dag.py                           1           0  0.21s           2025-10-24T01:02:00
================================================================================
[2025-10-24T01:02:30.810+0000] {manager.py:878} INFO - 
================================================================================
DAG File Processing Stats

File Path                     PID    Runtime      # DAGs    # Errors  Last Runtime    Last Run
----------------------------  -----  ---------  --------  ----------  --------------  -------------------
/opt/airflow/dags/etl_dag.py                           1           0  0.20s           2025-10-24T01:02:30
================================================================================
[2025-10-24T01:03:01.462+0000] {manager.py:878} INFO - 
================================================================================
DAG File Processing Stats

File Path                     PID    Runtime      # DAGs    # Errors  Last Runtime    Last Run
----------------------------  -----  ---------  --------  ----------  --------------  -------------------
/opt/airflow/dags/etl_dag.py                           1           0  0.21s           2025-10-24T01:03:01
================================================================================
[2025-10-24T01:03:31.839+0000] {manager.py:878} INFO - 
================================================================================
DAG File Processing Stats

File Path                     PID    Runtime      # DAGs    # Errors  Last Runtime    Last Run
----------------------------  -----  ---------  --------  ----------  --------------  -------------------
/opt/airflow/dags/etl_dag.py                           1           0  0.21s           2025-10-24T01:03:31
================================================================================
[2025-10-24T01:04:02.366+0000] {manager.py:878} INFO - 
================================================================================
DAG File Processing Stats

File Path                     PID    Runtime      # DAGs    # Errors  Last Runtime    Last Run
----------------------------  -----  ---------  --------  ----------  --------------  -------------------
/opt/airflow/dags/etl_dag.py                           1           0  0.21s           2025-10-24T01:04:02
================================================================================
[2025-10-24T01:04:32.875+0000] {manager.py:878} INFO - 
================================================================================
DAG File Processing Stats

File Path                     PID    Runtime      # DAGs    # Errors  Last Runtime    Last Run
----------------------------  -----  ---------  --------  ----------  --------------  -------------------
/opt/airflow/dags/etl_dag.py                           1           0  0.20s           2025-10-24T01:04:32
================================================================================
[2025-10-24T01:05:03.175+0000] {manager.py:878} INFO - 
================================================================================
DAG File Processing Stats

File Path                     PID    Runtime      # DAGs    # Errors  Last Runtime    Last Run
----------------------------  -----  ---------  --------  ----------  --------------  -------------------
/opt/airflow/dags/etl_dag.py                           1           0  0.21s           2025-10-24T01:05:03
================================================================================
[2025-10-24T01:05:33.722+0000] {manager.py:878} INFO - 
================================================================================
DAG File Processing Stats

File Path                     PID    Runtime      # DAGs    # Errors  Last Runtime    Last Run
----------------------------  -----  ---------  --------  ----------  --------------  -------------------
/opt/airflow/dags/etl_dag.py                           1           0  0.20s           2025-10-24T01:05:33
================================================================================
[2025-10-24T01:06:04.242+0000] {manager.py:878} INFO - 
================================================================================
DAG File Processing Stats

File Path                     PID    Runtime      # DAGs    # Errors  Last Runtime    Last Run
----------------------------  -----  ---------  --------  ----------  --------------  -------------------
/opt/airflow/dags/etl_dag.py                           1           0  0.20s           2025-10-24T01:06:04
================================================================================
[2025-10-24T01:06:34.480+0000] {manager.py:878} INFO - 
================================================================================
DAG File Processing Stats

File Path                     PID    Runtime      # DAGs    # Errors  Last Runtime    Last Run
----------------------------  -----  ---------  --------  ----------  --------------  -------------------
/opt/airflow/dags/etl_dag.py                           1           0  0.20s           2025-10-24T01:06:34
================================================================================
[2025-10-24T01:07:00.410+0000] {manager.py:737} INFO - Searching for files in /opt/airflow/dags
[2025-10-24T01:07:00.440+0000] {manager.py:740} INFO - There are 1 files in /opt/airflow/dags
[2025-10-24T01:07:05.048+0000] {manager.py:878} INFO - 
================================================================================
DAG File Processing Stats

File Path                     PID    Runtime      # DAGs    # Errors  Last Runtime    Last Run
----------------------------  -----  ---------  --------  ----------  --------------  -------------------
/opt/airflow/dags/etl_dag.py                           1           0  0.20s           2025-10-24T01:07:05
================================================================================
[2025-10-24T01:07:35.612+0000] {manager.py:878} INFO - 
================================================================================
DAG File Processing Stats

File Path                     PID    Runtime      # DAGs    # Errors  Last Runtime    Last Run
----------------------------  -----  ---------  --------  ----------  --------------  -------------------
/opt/airflow/dags/etl_dag.py                           1           0  0.21s           2025-10-24T01:07:35
================================================================================
[2025-10-24T01:08:06.212+0000] {manager.py:878} INFO - 
================================================================================
DAG File Processing Stats

File Path                     PID    Runtime      # DAGs    # Errors  Last Runtime    Last Run
----------------------------  -----  ---------  --------  ----------  --------------  -------------------
/opt/airflow/dags/etl_dag.py                           1           0  0.20s           2025-10-24T01:08:06
================================================================================
[2025-10-24T01:08:36.748+0000] {manager.py:878} INFO - 
================================================================================
DAG File Processing Stats

File Path                     PID    Runtime      # DAGs    # Errors  Last Runtime    Last Run
----------------------------  -----  ---------  --------  ----------  --------------  -------------------
/opt/airflow/dags/etl_dag.py                           1           0  0.20s           2025-10-24T01:08:36
================================================================================
[2025-10-24T01:09:07.366+0000] {manager.py:878} INFO - 
================================================================================
DAG File Processing Stats

File Path                     PID    Runtime      # DAGs    # Errors  Last Runtime    Last Run
----------------------------  -----  ---------  --------  ----------  --------------  -------------------
/opt/airflow/dags/etl_dag.py                           1           0  0.30s           2025-10-24T01:09:07
================================================================================
[2025-10-24T01:09:37.966+0000] {manager.py:878} INFO - 
================================================================================
DAG File Processing Stats

File Path                     PID    Runtime      # DAGs    # Errors  Last Runtime    Last Run
----------------------------  -----  ---------  --------  ----------  --------------  -------------------
/opt/airflow/dags/etl_dag.py                           1           0  0.31s           2025-10-24T01:09:37
================================================================================
[2025-10-24T01:10:08.567+0000] {manager.py:878} INFO - 
================================================================================
DAG File Processing Stats

File Path                     PID    Runtime      # DAGs    # Errors  Last Runtime    Last Run
----------------------------  -----  ---------  --------  ----------  --------------  -------------------
/opt/airflow/dags/etl_dag.py                           1           0  0.31s           2025-10-24T01:10:08
================================================================================
[2025-10-24T01:10:39.209+0000] {manager.py:878} INFO - 
================================================================================
DAG File Processing Stats

File Path                     PID    Runtime      # DAGs    # Errors  Last Runtime    Last Run
----------------------------  -----  ---------  --------  ----------  --------------  -------------------
/opt/airflow/dags/etl_dag.py                           1           0  0.31s           2025-10-24T01:10:39
================================================================================
[2025-10-24T01:11:09.853+0000] {manager.py:878} INFO - 
================================================================================
DAG File Processing Stats

File Path                     PID    Runtime      # DAGs    # Errors  Last Runtime    Last Run
----------------------------  -----  ---------  --------  ----------  --------------  -------------------
/opt/airflow/dags/etl_dag.py                           1           0  0.32s           2025-10-24T01:11:09
================================================================================
[2025-10-24T01:11:40.399+0000] {manager.py:878} INFO - 
================================================================================
DAG File Processing Stats

File Path                     PID    Runtime      # DAGs    # Errors  Last Runtime    Last Run
----------------------------  -----  ---------  --------  ----------  --------------  -------------------
/opt/airflow/dags/etl_dag.py                           1           0  0.21s           2025-10-24T01:11:40
================================================================================
[2025-10-24T01:12:00.585+0000] {manager.py:737} INFO - Searching for files in /opt/airflow/dags
[2025-10-24T01:12:00.649+0000] {manager.py:740} INFO - There are 1 files in /opt/airflow/dags
[2025-10-24T01:12:10.976+0000] {manager.py:878} INFO - 
================================================================================
DAG File Processing Stats

File Path                     PID    Runtime      # DAGs    # Errors  Last Runtime    Last Run
----------------------------  -----  ---------  --------  ----------  --------------  -------------------
/opt/airflow/dags/etl_dag.py                           1           0  0.20s           2025-10-24T01:12:10
================================================================================
[2025-10-24T01:12:41.558+0000] {manager.py:878} INFO - 
================================================================================
DAG File Processing Stats

File Path                     PID    Runtime      # DAGs    # Errors  Last Runtime    Last Run
----------------------------  -----  ---------  --------  ----------  --------------  -------------------
/opt/airflow/dags/etl_dag.py                           1           0  0.21s           2025-10-24T01:12:41
================================================================================
[2025-10-24T01:13:12.094+0000] {manager.py:878} INFO - 
================================================================================
DAG File Processing Stats

File Path                     PID    Runtime      # DAGs    # Errors  Last Runtime    Last Run
----------------------------  -----  ---------  --------  ----------  --------------  -------------------
/opt/airflow/dags/etl_dag.py                           1           0  0.20s           2025-10-24T01:13:12
================================================================================
[2025-10-24T01:13:42.663+0000] {manager.py:878} INFO - 
================================================================================
DAG File Processing Stats

File Path                     PID    Runtime      # DAGs    # Errors  Last Runtime    Last Run
----------------------------  -----  ---------  --------  ----------  --------------  -------------------
/opt/airflow/dags/etl_dag.py                           1           0  0.21s           2025-10-24T01:13:42
================================================================================
[2025-10-24T01:14:13.061+0000] {manager.py:878} INFO - 
================================================================================
DAG File Processing Stats

File Path                     PID    Runtime      # DAGs    # Errors  Last Runtime    Last Run
----------------------------  -----  ---------  --------  ----------  --------------  -------------------
/opt/airflow/dags/etl_dag.py                           1           0  0.20s           2025-10-24T01:14:13
================================================================================
[2025-10-24T01:14:43.418+0000] {manager.py:878} INFO - 
================================================================================
DAG File Processing Stats

File Path                     PID    Runtime      # DAGs    # Errors  Last Runtime    Last Run
----------------------------  -----  ---------  --------  ----------  --------------  -------------------
/opt/airflow/dags/etl_dag.py                           1           0  0.21s           2025-10-24T01:14:43
================================================================================
