[2025-10-24T01:02:00.451+0000] {processor.py:161} INFO - Started process (PID=58) to work on /opt/airflow/dags/etl_dag.py
[2025-10-24T01:02:00.453+0000] {processor.py:830} INFO - Processing file /opt/airflow/dags/etl_dag.py for tasks to queue
[2025-10-24T01:02:00.455+0000] {logging_mixin.py:188} INFO - [2025-10-24T01:02:00.455+0000] {dagbag.py:545} INFO - Filling up the DagBag from /opt/airflow/dags/etl_dag.py
[2025-10-24T01:02:00.479+0000] {processor.py:840} INFO - DAG(s) 'etl_dag' retrieved from /opt/airflow/dags/etl_dag.py
[2025-10-24T01:02:00.490+0000] {logging_mixin.py:188} INFO - [2025-10-24T01:02:00.490+0000] {dag.py:3089} INFO - Sync 1 DAGs
[2025-10-24T01:02:00.509+0000] {logging_mixin.py:188} INFO - [2025-10-24T01:02:00.509+0000] {dag.py:3947} INFO - Setting next_dagrun for etl_dag to None, run_after=None
[2025-10-24T01:02:00.555+0000] {processor.py:183} INFO - Processing /opt/airflow/dags/etl_dag.py took 0.112 seconds
[2025-10-24T01:02:30.631+0000] {processor.py:161} INFO - Started process (PID=70) to work on /opt/airflow/dags/etl_dag.py
[2025-10-24T01:02:30.633+0000] {processor.py:830} INFO - Processing file /opt/airflow/dags/etl_dag.py for tasks to queue
[2025-10-24T01:02:30.635+0000] {logging_mixin.py:188} INFO - [2025-10-24T01:02:30.635+0000] {dagbag.py:545} INFO - Filling up the DagBag from /opt/airflow/dags/etl_dag.py
[2025-10-24T01:02:30.666+0000] {processor.py:840} INFO - DAG(s) 'etl_dag' retrieved from /opt/airflow/dags/etl_dag.py
[2025-10-24T01:02:30.758+0000] {logging_mixin.py:188} INFO - [2025-10-24T01:02:30.758+0000] {dag.py:3089} INFO - Sync 1 DAGs
[2025-10-24T01:02:30.766+0000] {logging_mixin.py:188} INFO - [2025-10-24T01:02:30.766+0000] {dag.py:3947} INFO - Setting next_dagrun for etl_dag to None, run_after=None
[2025-10-24T01:02:30.793+0000] {processor.py:183} INFO - Processing /opt/airflow/dags/etl_dag.py took 0.169 seconds
[2025-10-24T01:03:01.280+0000] {processor.py:161} INFO - Started process (PID=78) to work on /opt/airflow/dags/etl_dag.py
[2025-10-24T01:03:01.282+0000] {processor.py:830} INFO - Processing file /opt/airflow/dags/etl_dag.py for tasks to queue
[2025-10-24T01:03:01.284+0000] {logging_mixin.py:188} INFO - [2025-10-24T01:03:01.284+0000] {dagbag.py:545} INFO - Filling up the DagBag from /opt/airflow/dags/etl_dag.py
[2025-10-24T01:03:01.308+0000] {processor.py:840} INFO - DAG(s) 'etl_dag' retrieved from /opt/airflow/dags/etl_dag.py
[2025-10-24T01:03:01.335+0000] {logging_mixin.py:188} INFO - [2025-10-24T01:03:01.334+0000] {dag.py:3089} INFO - Sync 1 DAGs
[2025-10-24T01:03:01.346+0000] {logging_mixin.py:188} INFO - [2025-10-24T01:03:01.346+0000] {dag.py:3947} INFO - Setting next_dagrun for etl_dag to None, run_after=None
[2025-10-24T01:03:01.375+0000] {processor.py:183} INFO - Processing /opt/airflow/dags/etl_dag.py took 0.103 seconds
[2025-10-24T01:03:31.654+0000] {processor.py:161} INFO - Started process (PID=109) to work on /opt/airflow/dags/etl_dag.py
[2025-10-24T01:03:31.655+0000] {processor.py:830} INFO - Processing file /opt/airflow/dags/etl_dag.py for tasks to queue
[2025-10-24T01:03:31.657+0000] {logging_mixin.py:188} INFO - [2025-10-24T01:03:31.657+0000] {dagbag.py:545} INFO - Filling up the DagBag from /opt/airflow/dags/etl_dag.py
[2025-10-24T01:03:31.678+0000] {processor.py:840} INFO - DAG(s) 'etl_dag' retrieved from /opt/airflow/dags/etl_dag.py
[2025-10-24T01:03:31.698+0000] {logging_mixin.py:188} INFO - [2025-10-24T01:03:31.698+0000] {dag.py:3089} INFO - Sync 1 DAGs
[2025-10-24T01:03:31.708+0000] {logging_mixin.py:188} INFO - [2025-10-24T01:03:31.707+0000] {dag.py:3947} INFO - Setting next_dagrun for etl_dag to None, run_after=None
[2025-10-24T01:03:31.739+0000] {processor.py:183} INFO - Processing /opt/airflow/dags/etl_dag.py took 0.091 seconds
[2025-10-24T01:04:02.186+0000] {processor.py:161} INFO - Started process (PID=110) to work on /opt/airflow/dags/etl_dag.py
[2025-10-24T01:04:02.188+0000] {processor.py:830} INFO - Processing file /opt/airflow/dags/etl_dag.py for tasks to queue
[2025-10-24T01:04:02.190+0000] {logging_mixin.py:188} INFO - [2025-10-24T01:04:02.190+0000] {dagbag.py:545} INFO - Filling up the DagBag from /opt/airflow/dags/etl_dag.py
[2025-10-24T01:04:02.211+0000] {processor.py:840} INFO - DAG(s) 'etl_dag' retrieved from /opt/airflow/dags/etl_dag.py
[2025-10-24T01:04:02.232+0000] {logging_mixin.py:188} INFO - [2025-10-24T01:04:02.232+0000] {dag.py:3089} INFO - Sync 1 DAGs
[2025-10-24T01:04:02.243+0000] {logging_mixin.py:188} INFO - [2025-10-24T01:04:02.242+0000] {dag.py:3947} INFO - Setting next_dagrun for etl_dag to None, run_after=None
[2025-10-24T01:04:02.277+0000] {processor.py:183} INFO - Processing /opt/airflow/dags/etl_dag.py took 0.097 seconds
[2025-10-24T01:04:32.692+0000] {processor.py:161} INFO - Started process (PID=111) to work on /opt/airflow/dags/etl_dag.py
[2025-10-24T01:04:32.694+0000] {processor.py:830} INFO - Processing file /opt/airflow/dags/etl_dag.py for tasks to queue
[2025-10-24T01:04:32.696+0000] {logging_mixin.py:188} INFO - [2025-10-24T01:04:32.696+0000] {dagbag.py:545} INFO - Filling up the DagBag from /opt/airflow/dags/etl_dag.py
[2025-10-24T01:04:32.719+0000] {processor.py:840} INFO - DAG(s) 'etl_dag' retrieved from /opt/airflow/dags/etl_dag.py
[2025-10-24T01:04:32.740+0000] {logging_mixin.py:188} INFO - [2025-10-24T01:04:32.740+0000] {dag.py:3089} INFO - Sync 1 DAGs
[2025-10-24T01:04:32.752+0000] {logging_mixin.py:188} INFO - [2025-10-24T01:04:32.751+0000] {dag.py:3947} INFO - Setting next_dagrun for etl_dag to None, run_after=None
[2025-10-24T01:04:32.788+0000] {processor.py:183} INFO - Processing /opt/airflow/dags/etl_dag.py took 0.101 seconds
[2025-10-24T01:05:02.993+0000] {processor.py:161} INFO - Started process (PID=112) to work on /opt/airflow/dags/etl_dag.py
[2025-10-24T01:05:02.994+0000] {processor.py:830} INFO - Processing file /opt/airflow/dags/etl_dag.py for tasks to queue
[2025-10-24T01:05:02.997+0000] {logging_mixin.py:188} INFO - [2025-10-24T01:05:02.997+0000] {dagbag.py:545} INFO - Filling up the DagBag from /opt/airflow/dags/etl_dag.py
[2025-10-24T01:05:03.018+0000] {processor.py:840} INFO - DAG(s) 'etl_dag' retrieved from /opt/airflow/dags/etl_dag.py
[2025-10-24T01:05:03.040+0000] {logging_mixin.py:188} INFO - [2025-10-24T01:05:03.040+0000] {dag.py:3089} INFO - Sync 1 DAGs
[2025-10-24T01:05:03.053+0000] {logging_mixin.py:188} INFO - [2025-10-24T01:05:03.053+0000] {dag.py:3947} INFO - Setting next_dagrun for etl_dag to None, run_after=None
[2025-10-24T01:05:03.081+0000] {processor.py:183} INFO - Processing /opt/airflow/dags/etl_dag.py took 0.094 seconds
[2025-10-24T01:05:33.541+0000] {processor.py:161} INFO - Started process (PID=113) to work on /opt/airflow/dags/etl_dag.py
[2025-10-24T01:05:33.544+0000] {processor.py:830} INFO - Processing file /opt/airflow/dags/etl_dag.py for tasks to queue
[2025-10-24T01:05:33.546+0000] {logging_mixin.py:188} INFO - [2025-10-24T01:05:33.546+0000] {dagbag.py:545} INFO - Filling up the DagBag from /opt/airflow/dags/etl_dag.py
[2025-10-24T01:05:33.569+0000] {processor.py:840} INFO - DAG(s) 'etl_dag' retrieved from /opt/airflow/dags/etl_dag.py
[2025-10-24T01:05:33.592+0000] {logging_mixin.py:188} INFO - [2025-10-24T01:05:33.592+0000] {dag.py:3089} INFO - Sync 1 DAGs
[2025-10-24T01:05:33.604+0000] {logging_mixin.py:188} INFO - [2025-10-24T01:05:33.604+0000] {dag.py:3947} INFO - Setting next_dagrun for etl_dag to None, run_after=None
[2025-10-24T01:05:33.637+0000] {processor.py:183} INFO - Processing /opt/airflow/dags/etl_dag.py took 0.104 seconds
[2025-10-24T01:06:04.065+0000] {processor.py:161} INFO - Started process (PID=114) to work on /opt/airflow/dags/etl_dag.py
[2025-10-24T01:06:04.067+0000] {processor.py:830} INFO - Processing file /opt/airflow/dags/etl_dag.py for tasks to queue
[2025-10-24T01:06:04.070+0000] {logging_mixin.py:188} INFO - [2025-10-24T01:06:04.069+0000] {dagbag.py:545} INFO - Filling up the DagBag from /opt/airflow/dags/etl_dag.py
[2025-10-24T01:06:04.100+0000] {processor.py:840} INFO - DAG(s) 'etl_dag' retrieved from /opt/airflow/dags/etl_dag.py
[2025-10-24T01:06:04.129+0000] {logging_mixin.py:188} INFO - [2025-10-24T01:06:04.129+0000] {dag.py:3089} INFO - Sync 1 DAGs
[2025-10-24T01:06:04.145+0000] {logging_mixin.py:188} INFO - [2025-10-24T01:06:04.144+0000] {dag.py:3947} INFO - Setting next_dagrun for etl_dag to None, run_after=None
[2025-10-24T01:06:04.179+0000] {processor.py:183} INFO - Processing /opt/airflow/dags/etl_dag.py took 0.121 seconds
[2025-10-24T01:06:34.297+0000] {processor.py:161} INFO - Started process (PID=115) to work on /opt/airflow/dags/etl_dag.py
[2025-10-24T01:06:34.298+0000] {processor.py:830} INFO - Processing file /opt/airflow/dags/etl_dag.py for tasks to queue
[2025-10-24T01:06:34.300+0000] {logging_mixin.py:188} INFO - [2025-10-24T01:06:34.300+0000] {dagbag.py:545} INFO - Filling up the DagBag from /opt/airflow/dags/etl_dag.py
[2025-10-24T01:06:34.323+0000] {processor.py:840} INFO - DAG(s) 'etl_dag' retrieved from /opt/airflow/dags/etl_dag.py
[2025-10-24T01:06:34.344+0000] {logging_mixin.py:188} INFO - [2025-10-24T01:06:34.344+0000] {dag.py:3089} INFO - Sync 1 DAGs
[2025-10-24T01:06:34.354+0000] {logging_mixin.py:188} INFO - [2025-10-24T01:06:34.354+0000] {dag.py:3947} INFO - Setting next_dagrun for etl_dag to None, run_after=None
[2025-10-24T01:06:34.386+0000] {processor.py:183} INFO - Processing /opt/airflow/dags/etl_dag.py took 0.095 seconds
[2025-10-24T01:07:04.865+0000] {processor.py:161} INFO - Started process (PID=116) to work on /opt/airflow/dags/etl_dag.py
[2025-10-24T01:07:04.866+0000] {processor.py:830} INFO - Processing file /opt/airflow/dags/etl_dag.py for tasks to queue
[2025-10-24T01:07:04.869+0000] {logging_mixin.py:188} INFO - [2025-10-24T01:07:04.869+0000] {dagbag.py:545} INFO - Filling up the DagBag from /opt/airflow/dags/etl_dag.py
[2025-10-24T01:07:04.889+0000] {processor.py:840} INFO - DAG(s) 'etl_dag' retrieved from /opt/airflow/dags/etl_dag.py
[2025-10-24T01:07:04.911+0000] {logging_mixin.py:188} INFO - [2025-10-24T01:07:04.910+0000] {dag.py:3089} INFO - Sync 1 DAGs
[2025-10-24T01:07:04.921+0000] {logging_mixin.py:188} INFO - [2025-10-24T01:07:04.921+0000] {dag.py:3947} INFO - Setting next_dagrun for etl_dag to None, run_after=None
[2025-10-24T01:07:04.954+0000] {processor.py:183} INFO - Processing /opt/airflow/dags/etl_dag.py took 0.095 seconds
[2025-10-24T01:07:35.433+0000] {processor.py:161} INFO - Started process (PID=117) to work on /opt/airflow/dags/etl_dag.py
[2025-10-24T01:07:35.435+0000] {processor.py:830} INFO - Processing file /opt/airflow/dags/etl_dag.py for tasks to queue
[2025-10-24T01:07:35.438+0000] {logging_mixin.py:188} INFO - [2025-10-24T01:07:35.437+0000] {dagbag.py:545} INFO - Filling up the DagBag from /opt/airflow/dags/etl_dag.py
[2025-10-24T01:07:35.464+0000] {processor.py:840} INFO - DAG(s) 'etl_dag' retrieved from /opt/airflow/dags/etl_dag.py
[2025-10-24T01:07:35.509+0000] {logging_mixin.py:188} INFO - [2025-10-24T01:07:35.508+0000] {dag.py:3089} INFO - Sync 1 DAGs
[2025-10-24T01:07:35.525+0000] {logging_mixin.py:188} INFO - [2025-10-24T01:07:35.525+0000] {dag.py:3947} INFO - Setting next_dagrun for etl_dag to None, run_after=None
[2025-10-24T01:07:35.561+0000] {processor.py:183} INFO - Processing /opt/airflow/dags/etl_dag.py took 0.133 seconds
[2025-10-24T01:08:06.030+0000] {processor.py:161} INFO - Started process (PID=118) to work on /opt/airflow/dags/etl_dag.py
[2025-10-24T01:08:06.031+0000] {processor.py:830} INFO - Processing file /opt/airflow/dags/etl_dag.py for tasks to queue
[2025-10-24T01:08:06.034+0000] {logging_mixin.py:188} INFO - [2025-10-24T01:08:06.034+0000] {dagbag.py:545} INFO - Filling up the DagBag from /opt/airflow/dags/etl_dag.py
[2025-10-24T01:08:06.054+0000] {processor.py:840} INFO - DAG(s) 'etl_dag' retrieved from /opt/airflow/dags/etl_dag.py
[2025-10-24T01:08:06.076+0000] {logging_mixin.py:188} INFO - [2025-10-24T01:08:06.076+0000] {dag.py:3089} INFO - Sync 1 DAGs
[2025-10-24T01:08:06.086+0000] {logging_mixin.py:188} INFO - [2025-10-24T01:08:06.086+0000] {dag.py:3947} INFO - Setting next_dagrun for etl_dag to None, run_after=None
[2025-10-24T01:08:06.117+0000] {processor.py:183} INFO - Processing /opt/airflow/dags/etl_dag.py took 0.093 seconds
[2025-10-24T01:08:36.570+0000] {processor.py:161} INFO - Started process (PID=119) to work on /opt/airflow/dags/etl_dag.py
[2025-10-24T01:08:36.572+0000] {processor.py:830} INFO - Processing file /opt/airflow/dags/etl_dag.py for tasks to queue
[2025-10-24T01:08:36.576+0000] {logging_mixin.py:188} INFO - [2025-10-24T01:08:36.576+0000] {dagbag.py:545} INFO - Filling up the DagBag from /opt/airflow/dags/etl_dag.py
[2025-10-24T01:08:36.601+0000] {processor.py:840} INFO - DAG(s) 'etl_dag' retrieved from /opt/airflow/dags/etl_dag.py
[2025-10-24T01:08:36.622+0000] {logging_mixin.py:188} INFO - [2025-10-24T01:08:36.622+0000] {dag.py:3089} INFO - Sync 1 DAGs
[2025-10-24T01:08:36.633+0000] {logging_mixin.py:188} INFO - [2025-10-24T01:08:36.632+0000] {dag.py:3947} INFO - Setting next_dagrun for etl_dag to None, run_after=None
[2025-10-24T01:08:36.667+0000] {processor.py:183} INFO - Processing /opt/airflow/dags/etl_dag.py took 0.103 seconds
[2025-10-24T01:09:07.088+0000] {processor.py:161} INFO - Started process (PID=120) to work on /opt/airflow/dags/etl_dag.py
[2025-10-24T01:09:07.089+0000] {processor.py:830} INFO - Processing file /opt/airflow/dags/etl_dag.py for tasks to queue
[2025-10-24T01:09:07.091+0000] {logging_mixin.py:188} INFO - [2025-10-24T01:09:07.091+0000] {dagbag.py:545} INFO - Filling up the DagBag from /opt/airflow/dags/etl_dag.py
[2025-10-24T01:09:07.118+0000] {processor.py:840} INFO - DAG(s) 'etl_dag' retrieved from /opt/airflow/dags/etl_dag.py
[2025-10-24T01:09:07.138+0000] {logging_mixin.py:188} INFO - [2025-10-24T01:09:07.138+0000] {dag.py:3089} INFO - Sync 1 DAGs
[2025-10-24T01:09:07.150+0000] {logging_mixin.py:188} INFO - [2025-10-24T01:09:07.149+0000] {dag.py:3947} INFO - Setting next_dagrun for etl_dag to None, run_after=None
[2025-10-24T01:09:07.350+0000] {processor.py:183} INFO - Processing /opt/airflow/dags/etl_dag.py took 0.268 seconds
[2025-10-24T01:09:37.684+0000] {processor.py:161} INFO - Started process (PID=121) to work on /opt/airflow/dags/etl_dag.py
[2025-10-24T01:09:37.685+0000] {processor.py:830} INFO - Processing file /opt/airflow/dags/etl_dag.py for tasks to queue
[2025-10-24T01:09:37.687+0000] {logging_mixin.py:188} INFO - [2025-10-24T01:09:37.687+0000] {dagbag.py:545} INFO - Filling up the DagBag from /opt/airflow/dags/etl_dag.py
[2025-10-24T01:09:37.708+0000] {processor.py:840} INFO - DAG(s) 'etl_dag' retrieved from /opt/airflow/dags/etl_dag.py
[2025-10-24T01:09:37.730+0000] {logging_mixin.py:188} INFO - [2025-10-24T01:09:37.730+0000] {dag.py:3089} INFO - Sync 1 DAGs
[2025-10-24T01:09:37.895+0000] {logging_mixin.py:188} INFO - [2025-10-24T01:09:37.895+0000] {dag.py:3947} INFO - Setting next_dagrun for etl_dag to None, run_after=None
[2025-10-24T01:09:37.921+0000] {processor.py:183} INFO - Processing /opt/airflow/dags/etl_dag.py took 0.245 seconds
[2025-10-24T01:10:08.287+0000] {processor.py:161} INFO - Started process (PID=122) to work on /opt/airflow/dags/etl_dag.py
[2025-10-24T01:10:08.288+0000] {processor.py:830} INFO - Processing file /opt/airflow/dags/etl_dag.py for tasks to queue
[2025-10-24T01:10:08.291+0000] {logging_mixin.py:188} INFO - [2025-10-24T01:10:08.290+0000] {dagbag.py:545} INFO - Filling up the DagBag from /opt/airflow/dags/etl_dag.py
[2025-10-24T01:10:08.313+0000] {processor.py:840} INFO - DAG(s) 'etl_dag' retrieved from /opt/airflow/dags/etl_dag.py
[2025-10-24T01:10:08.334+0000] {logging_mixin.py:188} INFO - [2025-10-24T01:10:08.334+0000] {dag.py:3089} INFO - Sync 1 DAGs
[2025-10-24T01:10:08.488+0000] {logging_mixin.py:188} INFO - [2025-10-24T01:10:08.487+0000] {dag.py:3947} INFO - Setting next_dagrun for etl_dag to None, run_after=None
[2025-10-24T01:10:08.522+0000] {processor.py:183} INFO - Processing /opt/airflow/dags/etl_dag.py took 0.241 seconds
[2025-10-24T01:10:38.929+0000] {processor.py:161} INFO - Started process (PID=123) to work on /opt/airflow/dags/etl_dag.py
[2025-10-24T01:10:38.931+0000] {processor.py:830} INFO - Processing file /opt/airflow/dags/etl_dag.py for tasks to queue
[2025-10-24T01:10:38.933+0000] {logging_mixin.py:188} INFO - [2025-10-24T01:10:38.932+0000] {dagbag.py:545} INFO - Filling up the DagBag from /opt/airflow/dags/etl_dag.py
[2025-10-24T01:10:38.957+0000] {processor.py:840} INFO - DAG(s) 'etl_dag' retrieved from /opt/airflow/dags/etl_dag.py
[2025-10-24T01:10:39.129+0000] {logging_mixin.py:188} INFO - [2025-10-24T01:10:39.129+0000] {dag.py:3089} INFO - Sync 1 DAGs
[2025-10-24T01:10:39.137+0000] {logging_mixin.py:188} INFO - [2025-10-24T01:10:39.137+0000] {dag.py:3947} INFO - Setting next_dagrun for etl_dag to None, run_after=None
[2025-10-24T01:10:39.174+0000] {processor.py:183} INFO - Processing /opt/airflow/dags/etl_dag.py took 0.251 seconds
[2025-10-24T01:11:09.556+0000] {processor.py:161} INFO - Started process (PID=124) to work on /opt/airflow/dags/etl_dag.py
[2025-10-24T01:11:09.558+0000] {processor.py:830} INFO - Processing file /opt/airflow/dags/etl_dag.py for tasks to queue
[2025-10-24T01:11:09.560+0000] {logging_mixin.py:188} INFO - [2025-10-24T01:11:09.559+0000] {dagbag.py:545} INFO - Filling up the DagBag from /opt/airflow/dags/etl_dag.py
[2025-10-24T01:11:09.744+0000] {processor.py:840} INFO - DAG(s) 'etl_dag' retrieved from /opt/airflow/dags/etl_dag.py
[2025-10-24T01:11:09.761+0000] {logging_mixin.py:188} INFO - [2025-10-24T01:11:09.760+0000] {dag.py:3089} INFO - Sync 1 DAGs
[2025-10-24T01:11:09.770+0000] {logging_mixin.py:188} INFO - [2025-10-24T01:11:09.770+0000] {dag.py:3947} INFO - Setting next_dagrun for etl_dag to None, run_after=None
[2025-10-24T01:11:09.835+0000] {processor.py:183} INFO - Processing /opt/airflow/dags/etl_dag.py took 0.284 seconds
[2025-10-24T01:11:40.220+0000] {processor.py:161} INFO - Started process (PID=125) to work on /opt/airflow/dags/etl_dag.py
[2025-10-24T01:11:40.222+0000] {processor.py:830} INFO - Processing file /opt/airflow/dags/etl_dag.py for tasks to queue
[2025-10-24T01:11:40.225+0000] {logging_mixin.py:188} INFO - [2025-10-24T01:11:40.224+0000] {dagbag.py:545} INFO - Filling up the DagBag from /opt/airflow/dags/etl_dag.py
[2025-10-24T01:11:40.252+0000] {processor.py:840} INFO - DAG(s) 'etl_dag' retrieved from /opt/airflow/dags/etl_dag.py
[2025-10-24T01:11:40.279+0000] {logging_mixin.py:188} INFO - [2025-10-24T01:11:40.279+0000] {dag.py:3089} INFO - Sync 1 DAGs
[2025-10-24T01:11:40.291+0000] {logging_mixin.py:188} INFO - [2025-10-24T01:11:40.290+0000] {dag.py:3947} INFO - Setting next_dagrun for etl_dag to None, run_after=None
[2025-10-24T01:11:40.324+0000] {processor.py:183} INFO - Processing /opt/airflow/dags/etl_dag.py took 0.111 seconds
[2025-10-24T01:12:10.797+0000] {processor.py:161} INFO - Started process (PID=126) to work on /opt/airflow/dags/etl_dag.py
[2025-10-24T01:12:10.798+0000] {processor.py:830} INFO - Processing file /opt/airflow/dags/etl_dag.py for tasks to queue
[2025-10-24T01:12:10.800+0000] {logging_mixin.py:188} INFO - [2025-10-24T01:12:10.800+0000] {dagbag.py:545} INFO - Filling up the DagBag from /opt/airflow/dags/etl_dag.py
[2025-10-24T01:12:10.825+0000] {processor.py:840} INFO - DAG(s) 'etl_dag' retrieved from /opt/airflow/dags/etl_dag.py
[2025-10-24T01:12:10.854+0000] {logging_mixin.py:188} INFO - [2025-10-24T01:12:10.854+0000] {dag.py:3089} INFO - Sync 1 DAGs
[2025-10-24T01:12:10.867+0000] {logging_mixin.py:188} INFO - [2025-10-24T01:12:10.867+0000] {dag.py:3947} INFO - Setting next_dagrun for etl_dag to None, run_after=None
[2025-10-24T01:12:10.901+0000] {processor.py:183} INFO - Processing /opt/airflow/dags/etl_dag.py took 0.110 seconds
[2025-10-24T01:12:41.376+0000] {processor.py:161} INFO - Started process (PID=127) to work on /opt/airflow/dags/etl_dag.py
[2025-10-24T01:12:41.378+0000] {processor.py:830} INFO - Processing file /opt/airflow/dags/etl_dag.py for tasks to queue
[2025-10-24T01:12:41.380+0000] {logging_mixin.py:188} INFO - [2025-10-24T01:12:41.380+0000] {dagbag.py:545} INFO - Filling up the DagBag from /opt/airflow/dags/etl_dag.py
[2025-10-24T01:12:41.404+0000] {processor.py:840} INFO - DAG(s) 'etl_dag' retrieved from /opt/airflow/dags/etl_dag.py
[2025-10-24T01:12:41.430+0000] {logging_mixin.py:188} INFO - [2025-10-24T01:12:41.429+0000] {dag.py:3089} INFO - Sync 1 DAGs
[2025-10-24T01:12:41.442+0000] {logging_mixin.py:188} INFO - [2025-10-24T01:12:41.441+0000] {dag.py:3947} INFO - Setting next_dagrun for etl_dag to None, run_after=None
[2025-10-24T01:12:41.475+0000] {processor.py:183} INFO - Processing /opt/airflow/dags/etl_dag.py took 0.107 seconds
[2025-10-24T01:13:11.915+0000] {processor.py:161} INFO - Started process (PID=128) to work on /opt/airflow/dags/etl_dag.py
[2025-10-24T01:13:11.916+0000] {processor.py:830} INFO - Processing file /opt/airflow/dags/etl_dag.py for tasks to queue
[2025-10-24T01:13:11.919+0000] {logging_mixin.py:188} INFO - [2025-10-24T01:13:11.918+0000] {dagbag.py:545} INFO - Filling up the DagBag from /opt/airflow/dags/etl_dag.py
[2025-10-24T01:13:11.946+0000] {processor.py:840} INFO - DAG(s) 'etl_dag' retrieved from /opt/airflow/dags/etl_dag.py
[2025-10-24T01:13:11.973+0000] {logging_mixin.py:188} INFO - [2025-10-24T01:13:11.973+0000] {dag.py:3089} INFO - Sync 1 DAGs
[2025-10-24T01:13:11.986+0000] {logging_mixin.py:188} INFO - [2025-10-24T01:13:11.986+0000] {dag.py:3947} INFO - Setting next_dagrun for etl_dag to None, run_after=None
[2025-10-24T01:13:12.019+0000] {processor.py:183} INFO - Processing /opt/airflow/dags/etl_dag.py took 0.110 seconds
[2025-10-24T01:13:42.479+0000] {processor.py:161} INFO - Started process (PID=129) to work on /opt/airflow/dags/etl_dag.py
[2025-10-24T01:13:42.480+0000] {processor.py:830} INFO - Processing file /opt/airflow/dags/etl_dag.py for tasks to queue
[2025-10-24T01:13:42.482+0000] {logging_mixin.py:188} INFO - [2025-10-24T01:13:42.482+0000] {dagbag.py:545} INFO - Filling up the DagBag from /opt/airflow/dags/etl_dag.py
[2025-10-24T01:13:42.504+0000] {processor.py:840} INFO - DAG(s) 'etl_dag' retrieved from /opt/airflow/dags/etl_dag.py
[2025-10-24T01:13:42.531+0000] {logging_mixin.py:188} INFO - [2025-10-24T01:13:42.531+0000] {dag.py:3089} INFO - Sync 1 DAGs
[2025-10-24T01:13:42.544+0000] {logging_mixin.py:188} INFO - [2025-10-24T01:13:42.544+0000] {dag.py:3947} INFO - Setting next_dagrun for etl_dag to None, run_after=None
[2025-10-24T01:13:42.575+0000] {processor.py:183} INFO - Processing /opt/airflow/dags/etl_dag.py took 0.103 seconds
[2025-10-24T01:14:12.879+0000] {processor.py:161} INFO - Started process (PID=130) to work on /opt/airflow/dags/etl_dag.py
[2025-10-24T01:14:12.880+0000] {processor.py:830} INFO - Processing file /opt/airflow/dags/etl_dag.py for tasks to queue
[2025-10-24T01:14:12.882+0000] {logging_mixin.py:188} INFO - [2025-10-24T01:14:12.882+0000] {dagbag.py:545} INFO - Filling up the DagBag from /opt/airflow/dags/etl_dag.py
[2025-10-24T01:14:12.907+0000] {processor.py:840} INFO - DAG(s) 'etl_dag' retrieved from /opt/airflow/dags/etl_dag.py
[2025-10-24T01:14:12.934+0000] {logging_mixin.py:188} INFO - [2025-10-24T01:14:12.934+0000] {dag.py:3089} INFO - Sync 1 DAGs
[2025-10-24T01:14:12.946+0000] {logging_mixin.py:188} INFO - [2025-10-24T01:14:12.945+0000] {dag.py:3947} INFO - Setting next_dagrun for etl_dag to None, run_after=None
[2025-10-24T01:14:12.978+0000] {processor.py:183} INFO - Processing /opt/airflow/dags/etl_dag.py took 0.106 seconds
[2025-10-24T01:14:43.235+0000] {processor.py:161} INFO - Started process (PID=131) to work on /opt/airflow/dags/etl_dag.py
[2025-10-24T01:14:43.236+0000] {processor.py:830} INFO - Processing file /opt/airflow/dags/etl_dag.py for tasks to queue
[2025-10-24T01:14:43.239+0000] {logging_mixin.py:188} INFO - [2025-10-24T01:14:43.238+0000] {dagbag.py:545} INFO - Filling up the DagBag from /opt/airflow/dags/etl_dag.py
[2025-10-24T01:14:43.263+0000] {processor.py:840} INFO - DAG(s) 'etl_dag' retrieved from /opt/airflow/dags/etl_dag.py
[2025-10-24T01:14:43.292+0000] {logging_mixin.py:188} INFO - [2025-10-24T01:14:43.291+0000] {dag.py:3089} INFO - Sync 1 DAGs
[2025-10-24T01:14:43.303+0000] {logging_mixin.py:188} INFO - [2025-10-24T01:14:43.303+0000] {dag.py:3947} INFO - Setting next_dagrun for etl_dag to None, run_after=None
[2025-10-24T01:14:43.334+0000] {processor.py:183} INFO - Processing /opt/airflow/dags/etl_dag.py took 0.105 seconds
[2025-10-24T01:15:13.569+0000] {processor.py:161} INFO - Started process (PID=132) to work on /opt/airflow/dags/etl_dag.py
[2025-10-24T01:15:13.571+0000] {processor.py:830} INFO - Processing file /opt/airflow/dags/etl_dag.py for tasks to queue
[2025-10-24T01:15:13.573+0000] {logging_mixin.py:188} INFO - [2025-10-24T01:15:13.573+0000] {dagbag.py:545} INFO - Filling up the DagBag from /opt/airflow/dags/etl_dag.py
[2025-10-24T01:15:13.595+0000] {processor.py:840} INFO - DAG(s) 'etl_dag' retrieved from /opt/airflow/dags/etl_dag.py
[2025-10-24T01:15:13.623+0000] {logging_mixin.py:188} INFO - [2025-10-24T01:15:13.623+0000] {dag.py:3089} INFO - Sync 1 DAGs
[2025-10-24T01:15:13.643+0000] {logging_mixin.py:188} INFO - [2025-10-24T01:15:13.643+0000] {dag.py:3947} INFO - Setting next_dagrun for etl_dag to None, run_after=None
[2025-10-24T01:15:13.672+0000] {processor.py:183} INFO - Processing /opt/airflow/dags/etl_dag.py took 0.109 seconds
